[12Jun2026 01:58:46.567] [main/INFO] [net.neoforged.fml.startup.Entrypoint/]: JVM Uptime at startup: 85ms
[12Jun2026 01:58:46.578] [main/INFO] [net.neoforged.fml.loading.FMLLoader/]: Starting FancyModLoader version 11.0.13 (DEDICATED_SERVER in DEV)
[12Jun2026 01:58:46.578] [main/INFO] [net.neoforged.fml.loading.FMLLoader/]: Game directory: /Users/brianfopiano/Developer/RemoteGit/VolmitSoftware/Iris/adapters/neoforge/run
[12Jun2026 01:58:46.610] [main/INFO] [net.neoforged.fml.loading.EarlyServiceDiscovery/]: Found 2 early service jars (out of 121) in 11ms
[12Jun2026 01:58:46.610] [main/INFO] [net.neoforged.fml.loading.FMLLoader/]: Loading FML Early Services:
[12Jun2026 01:58:46.611] [main/INFO] [net.neoforged.fml.loading.FMLLoader/]:  - /Users/brianfopiano/.gradle/caches/modules-2/files-2.1/net.neoforged.fancymodloader/earlydisplay/11.0.13/491a1bedecb33802fa118cae384b60f91f6f0241/earlydisplay-11.0.13.jar
[12Jun2026 01:58:46.611] [main/INFO] [net.neoforged.fml.loading.FMLLoader/]:  - /Users/brianfopiano/.gradle/caches/modules-2/files-2.1/net.neoforged.fancymodloader/loader/11.0.13/c9c89eaf35535990110088224d188748d81eaecf/loader-11.0.13.jar
[12Jun2026 01:58:46.615] [main/INFO] [net.neoforged.fml.loading.ImmediateWindowHandler/]: Not loading early display in headless mode.
[12Jun2026 01:58:46.645] [main/INFO] [net.neoforged.fml.loading.moddiscovery.locators.GameLocator/]: Detected a joined NeoForge and Minecraft configuration. Applying filtering...
[12Jun2026 01:58:46.712] [main/INFO] [net.neoforged.fml.loading.moddiscovery.locators.InDevFolderLocator/CORE]: Got mod coordinates irisworldgen%%/Users/brianfopiano/Developer/RemoteGit/VolmitSoftware/Iris/adapters/neoforge/build/classes/java/main:irisworldgen%%/Users/brianfopiano/Developer/RemoteGit/VolmitSoftware/Iris/adapters/neoforge/build/resources/main from env
[12Jun2026 01:58:46.789] [main/INFO] [net.neoforged.fml.loading.moddiscovery.locators.JarInJarDependencyLocator/]: Found 2 dependencies adding them to mods collection
[12Jun2026 01:58:46.791] [main/INFO] [net.neoforged.fml.loading.moddiscovery.ModDiscoverer/]: 
     Mod List:
		Name Version (Mod Id)

		Iris 4.0.0-26.1 (irisworldgen)
		Minecraft 26.1.2 (minecraft)
		NeoForge 26.1.2.75 (neoforge)
[12Jun2026 01:58:46.895] [main/INFO] [mixin/]: SpongePowered MIXIN Subsystem Version=0.8.7 Source=file:/Users/brianfopiano/.gradle/caches/modules-2/files-2.1/net.fabricmc/sponge-mixin/0.17.3+mixin.0.8.7/41c4a3984a80f4679e759fb9f495587acc5cdac7/sponge-mixin-0.17.3+mixin.0.8.7.jar Service=FML Env=SERVER
[12Jun2026 01:58:46.905] [main/INFO] [net.neoforged.fml.loading.FMLLoader/]: Loading FML Plugins:
[12Jun2026 01:58:46.906] [main/INFO] [net.neoforged.fml.loading.FMLLoader/]:  - /Users/brianfopiano/.gradle/caches/modules-2/files-2.1/net.neoforged/neoforge/26.1.2.75/5c8890989345caf63f92a4cb01adb857e3f47fa6/neoforge-26.1.2.75-universal.jar > net.neoforged.neoforge-coremods-26.1.2.75.jar
[12Jun2026 01:58:46.948] [main/INFO] [net.neoforged.fml.loading.FMLLoader/]: Building game content classloader:
 - irisworldgen (composite(folder(/Users/brianfopiano/Developer/RemoteGit/VolmitSoftware/Iris/adapters/neoforge/build/classes/java/main), folder(/Users/brianfopiano/Developer/RemoteGit/VolmitSoftware/Iris/adapters/neoforge/build/resources/main)))
 - minecraft (composite(filtered(jar(/Users/brianfopiano/Developer/RemoteGit/VolmitSoftware/Iris/adapters/neoforge/build/moddev/artifacts/minecraft-patched-26.1.2.75.jar)), filtered(jar(/Users/brianfopiano/Developer/RemoteGit/VolmitSoftware/Iris/adapters/neoforge/build/moddev/artifacts/minecraft-patched-26.1.2.75.jar))))
 - mixinextras.neoforge (jar(/Users/brianfopiano/.gradle/caches/modules-2/files-2.1/net.neoforged/neoforge/26.1.2.75/5c8890989345caf63f92a4cb01adb857e3f47fa6/neoforge-26.1.2.75-universal.jar > mixinextras-neoforge-0.5.4.jar))
 - neoforge (composite(filtered(jar(/Users/brianfopiano/.gradle/caches/modules-2/files-2.1/net.neoforged/neoforge/26.1.2.75/5c8890989345caf63f92a4cb01adb857e3f47fa6/neoforge-26.1.2.75-universal.jar))))
 - net.neoforged.fml.generated (empty(VirtualJar/net.neoforged.fml.generated))
[12Jun2026 01:58:46.956] [main/INFO] [net.neoforged.fml.loading.FMLLoader/]: Built game content classloader in 13ms
[12Jun2026 01:58:48.683] [main/INFO] [MixinExtras|Service/]: Initializing MixinExtras via com.llamalad7.mixinextras.service.MixinExtrasServiceImpl(version=0.5.4).
[12Jun2026 01:58:51.553] [main/WARN] [net.minecraft.commands.Commands/]: Ambiguity between arguments [teleport, location] and [teleport, destination] with inputs: [0.1 -0.5 .9, 0 0 0]
[12Jun2026 01:58:51.554] [main/WARN] [net.minecraft.commands.Commands/]: Ambiguity between arguments [teleport, location] and [teleport, targets] with inputs: [0.1 -0.5 .9, 0 0 0]
[12Jun2026 01:58:51.555] [main/WARN] [net.minecraft.commands.Commands/]: Ambiguity between arguments [teleport, destination] and [teleport, targets] with inputs: [Player, 0123, @e, dd12be42-52a9-4a91-a8a1-11c01849e498]
[12Jun2026 01:58:51.556] [main/WARN] [net.minecraft.commands.Commands/]: Ambiguity between arguments [teleport, targets] and [teleport, destination] with inputs: [Player, 0123, dd12be42-52a9-4a91-a8a1-11c01849e498]
[12Jun2026 01:58:51.557] [main/WARN] [net.minecraft.commands.Commands/]: Ambiguity between arguments [teleport, targets, location] and [teleport, targets, destination] with inputs: [0.1 -0.5 .9, 0 0 0]
[12Jun2026 01:58:51.558] [main/WARN] [net.minecraft.commands.Commands/]: Ambiguity between arguments [time, set, time] and [time, set, timemarker] with inputs: [0, 0s, 0d, 0t]
[12Jun2026 01:58:51.559] [main/WARN] [net.minecraft.commands.Commands/]: Ambiguity between arguments [time, set, timemarker] and [time, set, time] with inputs: [012]
[12Jun2026 01:58:51.560] [main/WARN] [net.minecraft.commands.Commands/]: Ambiguity between arguments [time, of, clock, set, time] and [time, of, clock, set, timemarker] with inputs: [0, 0s, 0d, 0t]
[12Jun2026 01:58:51.561] [main/WARN] [net.minecraft.commands.Commands/]: Ambiguity between arguments [time, of, clock, set, timemarker] and [time, of, clock, set, time] with inputs: [012]
[12Jun2026 01:58:51.561] [main/WARN] [net.minecraft.commands.Commands/]: Ambiguity between arguments [waypoint, modify, waypoint, color, reset] and [waypoint, modify, waypoint, color, color] with inputs: [reset]
[12Jun2026 01:58:51.588] [modloading-worker-0/INFO] [Iris/]: Iris 4.0.0-26.1 bootstrapping on Minecraft 26.1.2 (NeoForge 26.1.2.75)
[12Jun2026 01:58:51.594] [modloading-worker-0/INFO] [net.neoforged.neoforge.common.NeoForgeMod/NEOFORGE-MOD]: NeoForge mod loading, version 26.1.2.75, for MC 26.1.2
[12Jun2026 01:58:51.594] [modloading-worker-0/INFO] [Iris/]: Iris core loaded (3 classes ok)
[12Jun2026 01:58:51.607] [modloading-worker-0/INFO] [Iris/]: Iris chunk generator registered as irisworldgen:iris
[12Jun2026 01:58:51.608] [modloading-worker-0/INFO] [Iris/]: Iris world check armed
[12Jun2026 01:58:51.784] [main/INFO] [com.mojang.authlib.yggdrasil.YggdrasilAuthenticationService/]: Environment: Environment[sessionHost=https://sessionserver.mojang.com, servicesHost=https://api.minecraftservices.com, profilesHost=https://api.mojang.com, name=PROD]
[12Jun2026 01:58:52.152] [Worker-Main-3/INFO] [net.minecraft.server.Main/]: No existing world data, creating new world
[12Jun2026 01:58:52.441] [main/INFO] [net.minecraft.world.item.crafting.RecipeManager/]: Loaded 1515 recipes
[12Jun2026 01:58:52.451] [main/INFO] [net.minecraft.advancements.AdvancementTree/]: Loaded 1617 advancements
[12Jun2026 01:58:52.453] [main/INFO] [net.neoforged.neoforge.common.crafting.RecipePriorityManager/]: Loaded 0 recipe priority overrides
[12Jun2026 01:58:52.538] [Server thread/INFO] [net.minecraft.server.dedicated.DedicatedServer/]: Starting minecraft server version 26.1.2
[12Jun2026 01:58:52.538] [Server thread/INFO] [net.minecraft.server.dedicated.DedicatedServer/]: Loading properties
[12Jun2026 01:58:52.538] [Server thread/INFO] [net.minecraft.server.dedicated.DedicatedServer/]: Default game type: SURVIVAL
[12Jun2026 01:58:52.538] [Server thread/INFO] [net.minecraft.server.MinecraftServer/]: Generating keypair
[12Jun2026 01:58:52.573] [Server thread/INFO] [net.minecraft.server.dedicated.DedicatedServer/]: Starting Minecraft server on *:25599
[12Jun2026 01:58:52.861] [Server thread/WARN] [net.minecraft.server.dedicated.DedicatedServer/]: **** SERVER IS RUNNING IN OFFLINE/INSECURE MODE!
[12Jun2026 01:58:52.861] [Server thread/WARN] [net.minecraft.server.dedicated.DedicatedServer/]: The server will make no attempt to authenticate usernames. Beware.
[12Jun2026 01:58:52.861] [Server thread/WARN] [net.minecraft.server.dedicated.DedicatedServer/]: While this makes the game possible to play without internet access, it also opens up the ability for hackers to connect with any username they choose.
[12Jun2026 01:58:52.861] [Server thread/WARN] [net.minecraft.server.dedicated.DedicatedServer/]: To change this, set "online-mode" to "true" in the server.properties file.
[12Jun2026 01:58:52.894] [Server thread/INFO] [net.minecraft.server.dedicated.DedicatedServer/]: Preparing level "world"
[12Jun2026 01:58:52.987] [Server thread/INFO] [net.minecraft.server.level.progress.LoggingLevelLoadListener/]: Selecting global world spawn...
[12Jun2026 01:58:53.267] [worldgen/INFO] [Iris/]: Engine init: minecraft_overworld/overworld seed=-4236022621777363859
[12Jun2026 01:58:54.580] [worldgen/INFO] [Iris/]: Iris engine up for minecraft:overworld: pack=/Users/brianfopiano/Developer/RemoteGit/VolmitSoftware/Iris/adapters/neoforge/run/config/irisworldgen/packs/overworld dim=overworld seed=-4236022621777363859 height=-256..512
[12Jun2026 01:58:54.580] [worldgen/INFO] [Iris/]: Iris generating overworld through IrisModdedChunkGenerator (dim=overworld first chunk -2,-2)
[12Jun2026 01:59:28.925] [Server thread/INFO] [net.minecraft.server.level.progress.LoggingLevelLoadListener/]: Loading 0 persistent chunks...
[12Jun2026 01:59:28.926] [Server thread/INFO] [net.minecraft.server.level.progress.LoggingLevelLoadListener/]: Preparing spawn area: 100%
[12Jun2026 01:59:28.927] [Server thread/INFO] [net.minecraft.server.level.progress.LoggingLevelLoadListener/]: Time elapsed: 35940 ms
[12Jun2026 01:59:28.927] [Server thread/INFO] [net.minecraft.server.dedicated.DedicatedServer/]: Done (36.057s)! For help, type "help"
[12Jun2026 01:59:28.929] [Server thread/INFO] [net.minecraft.server.MinecraftServer/]: Saving chunks for level 'ServerLevel[world]'/minecraft:overworld
[12Jun2026 01:59:28.970] [Server thread/INFO] [net.minecraft.server.MinecraftServer/]: Saving chunks for level 'ServerLevel[world]'/minecraft:the_end
[12Jun2026 01:59:28.981] [Server thread/INFO] [net.minecraft.server.MinecraftServer/]: Saving chunks for level 'ServerLevel[world]'/minecraft:the_nether
[12Jun2026 01:59:29.024] [Server thread/INFO] [net.minecraft.server.MinecraftServer/]: ThreadedAnvilChunkStorage (world): All chunks are saved
[12Jun2026 01:59:29.025] [Server thread/INFO] [net.minecraft.server.MinecraftServer/]: ThreadedAnvilChunkStorage (DIM1): All chunks are saved
[12Jun2026 01:59:29.025] [Server thread/INFO] [net.minecraft.server.MinecraftServer/]: ThreadedAnvilChunkStorage (DIM-1): All chunks are saved
[12Jun2026 01:59:29.025] [Server thread/INFO] [net.minecraft.server.MinecraftServer/]: ThreadedAnvilChunkStorage: All dimensions are saved
[12Jun2026 01:59:29.047] [Server thread/INFO] [net.neoforged.neoforge.server.permission.PermissionAPI/]: Successfully initialized permission handler neoforge:default_handler
[12Jun2026 01:59:29.266] [Server thread/INFO] [Iris/]: [worldcheck] overworld generator: art.arcane.iris.modded.IrisModdedChunkGenerator
[12Jun2026 01:59:29.266] [Server thread/INFO] [Iris/]: [worldcheck] spawn: 0 87 0 (minY=-256 height=768)
[12Jun2026 01:59:30.536] [DedicatedLanServerPinger #1/WARN] [net.neoforged.neoforge.server.dedicated.DedicatedLanServerPinger/]: DedicatedLanServerPinger: No route to host
[12Jun2026 01:59:36.198] [Server thread/INFO] [Iris/]: [worldcheck] surface sample: -24 81 -24 minecraft:azalea_leaves
[12Jun2026 01:59:36.198] [Server thread/INFO] [Iris/]: [worldcheck] surface sample: -24 72 -8 minecraft:grass_block
[12Jun2026 01:59:36.198] [Server thread/INFO] [Iris/]: [worldcheck] surface sample: -24 74 8 minecraft:grass_block
[12Jun2026 01:59:36.198] [Server thread/INFO] [Iris/]: [worldcheck] surface sample: -24 72 24 minecraft:short_grass
[12Jun2026 01:59:36.198] [Server thread/INFO] [Iris/]: [worldcheck] surface sample: -8 68 -24 minecraft:mangrove_wood
[12Jun2026 01:59:36.198] [Server thread/INFO] [Iris/]: [worldcheck] surface sample: -8 89 -8 minecraft:azalea_leaves
[12Jun2026 01:59:36.199] [Server thread/INFO] [Iris/]: [worldcheck] surface digest: a0068bb38f6b (16 columns, 6 distinct surface blocks: [minecraft:azalea_leaves, minecraft:grass_block, minecraft:short_grass, minecraft:mangrove_wood, minecraft:leaf_litter, minecraft:oak_leaves])
[12Jun2026 01:59:36.199] [Server thread/INFO] [Iris/]: [worldcheck] chunk 0,0: 22 non-empty sections of 48; column blocks at (8,*,8): [minecraft:bedrock, minecraft:deepslate, minecraft:stone, minecraft:grass_block]
[12Jun2026 01:59:36.199] [Server thread/INFO] [Iris/]: [worldcheck] PASS
[12Jun2026 01:59:36.199] [Server thread/WARN] [net.minecraft.server.MinecraftServer/]: Can't keep up! Is the server overloaded? Running 6891ms or 137 ticks behind
[12Jun2026 01:59:36.199] [Iris World Check/INFO] [Iris/]: [worldcheck] shutting down dev server (result=PASS)
[12Jun2026 01:59:37.068] [Server thread/INFO] [Iris/]: Iris engine closed for minecraft:overworld
[12Jun2026 01:59:37.069] [Server thread/INFO] [net.minecraft.server.MinecraftServer/]: Stopping server
[12Jun2026 01:59:37.069] [Server thread/INFO] [net.minecraft.server.MinecraftServer/]: Saving players
[12Jun2026 01:59:37.069] [Server thread/INFO] [net.minecraft.server.MinecraftServer/]: Saving worlds
[12Jun2026 01:59:37.125] [Server thread/INFO] [net.minecraft.server.MinecraftServer/]: Saving chunks for level 'ServerLevel[world]'/minecraft:overworld
[12Jun2026 01:59:37.335] [Server thread/INFO] [net.minecraft.server.MinecraftServer/]: Saving chunks for level 'ServerLevel[world]'/minecraft:the_end
[12Jun2026 01:59:37.340] [Server thread/INFO] [net.minecraft.server.MinecraftServer/]: Saving chunks for level 'ServerLevel[world]'/minecraft:the_nether
[12Jun2026 01:59:37.358] [Server thread/INFO] [net.minecraft.server.MinecraftServer/]: ThreadedAnvilChunkStorage (world): All chunks are saved
[12Jun2026 01:59:37.359] [Server thread/INFO] [net.minecraft.server.MinecraftServer/]: ThreadedAnvilChunkStorage (DIM1): All chunks are saved
[12Jun2026 01:59:37.359] [Server thread/INFO] [net.minecraft.server.MinecraftServer/]: ThreadedAnvilChunkStorage (DIM-1): All chunks are saved
[12Jun2026 01:59:37.359] [Server thread/INFO] [net.minecraft.server.MinecraftServer/]: ThreadedAnvilChunkStorage: All dimensions are saved
[12Jun2026 01:59:37.415] [main/INFO] [net.neoforged.fml.loading.FMLLoader/]: Closing FML Loader 6dc940fc
[12Jun2026 01:59:37.415] [main/INFO] [net.neoforged.fml.ModLoader/]: Clearing ModLoader
